# JRE version: Java(TM) SE Runtime Environment (8.0_40-b25) (build 1.8.0_40-b25)
# Java VM: Java HotSpot(TM) 64-Bit Server VM (25.40-b25 mixed mode windows-amd64 compressed oops)
Heap:
 PSYoungGen      total 60928K, used 20837K [0x00000000d5580000, 0x00000000dbf00000, 0x0000000100000000)
  eden space 55808K, 28% used [0x00000000d5580000,0x00000000d64e0090,0x00000000d8c00000)
  from space 5120K, 99% used [0x00000000d8c00000,0x00000000d90f9608,0x00000000d9100000)
  to   space 8704K, 0% used [0x00000000db680000,0x00000000db680000,0x00000000dbf00000)
 ParOldGen       total 54272K, used 8324K [0x0000000080000000, 0x0000000083500000, 0x00000000d5580000)
  object space 54272K, 15% used [0x0000000080000000,0x00000000808211b8,0x0000000083500000)
 Metaspace       used 27607K, capacity 28072K, committed 28416K, reserved 1073152K
  class space    used 3631K, capacity 3740K, committed 3840K, reserved 1048576K
GC Heap History (10 events):
Event: 11.982 GC heap before
{Heap before GC invocations=2 (full 0):
 PSYoungGen      total 38400K, used 27682K [0x00000000d5580000, 0x00000000d8000000, 0x0000000100000000)
  eden space 33280K, 68% used [0x00000000d5580000,0x00000000d6bb0b68,0x00000000d7600000)
  from space 5120K, 96% used [0x00000000d7600000,0x00000000d7ad8030,0x00000000d7b00000)
  to   space 5120K, 0% used [0x00000000d7b00000,0x00000000d7b00000,0x00000000d8000000)
 ParOldGen       total 87552K, used 96K [0x0000000080000000, 0x0000000085580000, 0x00000000d5580000)
  object space 87552K, 0% used [0x0000000080000000,0x0000000080018010,0x0000000085580000)
 Metaspace       used 20943K, capacity 21184K, committed 21296K, reserved 1067008K
  class space    used 2809K, capacity 2888K, committed 2944K, reserved 1048576K
Event: 11.994 GC heap after
Heap after GC invocations=2 (full 0):
 PSYoungGen      total 38400K, used 5088K [0x00000000d5580000, 0x00000000d8000000, 0x0000000100000000)
  eden space 33280K, 0% used [0x00000000d5580000,0x00000000d5580000,0x00000000d7600000)
  from space 5120K, 99% used [0x00000000d7b00000,0x00000000d7ff8030,0x00000000d8000000)
  to   space 5120K, 0% used [0x00000000d7600000,0x00000000d7600000,0x00000000d7b00000)
 ParOldGen       total 87552K, used 1991K [0x0000000080000000, 0x0000000085580000, 0x00000000d5580000)
  object space 87552K, 2% used [0x0000000080000000,0x00000000801f1c70,0x0000000085580000)
 Metaspace       used 20943K, capacity 21184K, committed 21296K, reserved 1067008K
  class space    used 2809K, capacity 2888K, committed 2944K, reserved 1048576K
}
Event: 11.994 GC heap before
{Heap before GC invocations=3 (full 1):
 PSYoungGen      total 38400K, used 5088K [0x00000000d5580000, 0x00000000d8000000, 0x0000000100000000)
  eden space 33280K, 0% used [0x00000000d5580000,0x00000000d5580000,0x00000000d7600000)
  from space 5120K, 99% used [0x00000000d7b00000,0x00000000d7ff8030,0x00000000d8000000)
  to   space 5120K, 0% used [0x00000000d7600000,0x00000000d7600000,0x00000000d7b00000)
 ParOldGen       total 87552K, used 1991K [0x0000000080000000, 0x0000000085580000, 0x00000000d5580000)
  object space 87552K, 2% used [0x0000000080000000,0x00000000801f1c70,0x0000000085580000)
 Metaspace       used 20943K, capacity 21184K, committed 21296K, reserved 1067008K
  class space    used 2809K, capacity 2888K, committed 2944K, reserved 1048576K
Event: 12.050 GC heap after
Heap after GC invocations=3 (full 1):
 PSYoungGen      total 38400K, used 0K [0x00000000d5580000, 0x00000000d8000000, 0x0000000100000000)
  eden space 33280K, 0% used [0x00000000d5580000,0x00000000d5580000,0x00000000d7600000)
  from space 5120K, 0% used [0x00000000d7b00000,0x00000000d7b00000,0x00000000d8000000)
  to   space 5120K, 0% used [0x00000000d7600000,0x00000000d7600000,0x00000000d7b00000)
 ParOldGen       total 54272K, used 7021K [0x0000000080000000, 0x0000000083500000, 0x00000000d5580000)
  object space 54272K, 12% used [0x0000000080000000,0x00000000806db6e8,0x0000000083500000)
 Metaspace       used 20943K, capacity 21184K, committed 21296K, reserved 1067008K
  class space    used 2809K, capacity 2888K, committed 2944K, reserved 1048576K
}
Event: 13.083 GC heap before
{Heap before GC invocations=4 (full 1):
 PSYoungGen      total 38400K, used 33280K [0x00000000d5580000, 0x00000000d8000000, 0x0000000100000000)
  eden space 33280K, 100% used [0x00000000d5580000,0x00000000d7600000,0x00000000d7600000)
  from space 5120K, 0% used [0x00000000d7b00000,0x00000000d7b00000,0x00000000d8000000)
  to   space 5120K, 0% used [0x00000000d7600000,0x00000000d7600000,0x00000000d7b00000)
 ParOldGen       total 54272K, used 7021K [0x0000000080000000, 0x0000000083500000, 0x00000000d5580000)
  object space 54272K, 12% used [0x0000000080000000,0x00000000806db6e8,0x0000000083500000)
 Metaspace       used 24084K, capacity 24406K, committed 24704K, reserved 1071104K
  class space    used 3231K, capacity 3331K, committed 3456K, reserved 1048576K
Event: 13.093 GC heap after
Heap after GC invocations=4 (full 1):
 PSYoungGen      total 38400K, used 3429K [0x00000000d5580000, 0x00000000d9600000, 0x0000000100000000)
  eden space 33280K, 0% used [0x00000000d5580000,0x00000000d5580000,0x00000000d7600000)
  from space 5120K, 66% used [0x00000000d7600000,0x00000000d79594c8,0x00000000d7b00000)
  to   space 5120K, 0% used [0x00000000d9100000,0x00000000d9100000,0x00000000d9600000)
 ParOldGen       total 54272K, used 7029K [0x0000000080000000, 0x0000000083500000, 0x00000000d5580000)
  object space 54272K, 12% used [0x0000000080000000,0x00000000806dd6e8,0x0000000083500000)
 Metaspace       used 24084K, capacity 24406K, committed 24704K, reserved 1071104K
  class space    used 3231K, capacity 3331K, committed 3456K, reserved 1048576K
}
Event: 13.812 GC heap before
{Heap before GC invocations=5 (full 1):
 PSYoungGen      total 38400K, used 36709K [0x00000000d5580000, 0x00000000d9600000, 0x0000000100000000)
  eden space 33280K, 100% used [0x00000000d5580000,0x00000000d7600000,0x00000000d7600000)
  from space 5120K, 66% used [0x00000000d7600000,0x00000000d79594c8,0x00000000d7b00000)
  to   space 5120K, 0% used [0x00000000d9100000,0x00000000d9100000,0x00000000d9600000)
 ParOldGen       total 54272K, used 7029K [0x0000000080000000, 0x0000000083500000, 0x00000000d5580000)
  object space 54272K, 12% used [0x0000000080000000,0x00000000806dd6e8,0x0000000083500000)
 Metaspace       used 24167K, capacity 24482K, committed 24704K, reserved 1071104K
  class space    used 3233K, capacity 3333K, committed 3456K, reserved 1048576K
Event: 13.820 GC heap after
Heap after GC invocations=5 (full 1):
 PSYoungGen      total 60928K, used 3104K [0x00000000d5580000, 0x00000000d9680000, 0x0000000100000000)
  eden space 55808K, 0% used [0x00000000d5580000,0x00000000d5580000,0x00000000d8c00000)
  from space 5120K, 60% used [0x00000000d9100000,0x00000000d9408020,0x00000000d9600000)
  to   space 5120K, 0% used [0x00000000d8c00000,0x00000000d8c00000,0x00000000d9100000)
 ParOldGen       total 54272K, used 7037K [0x0000000080000000, 0x0000000083500000, 0x00000000d5580000)
  object space 54272K, 12% used [0x0000000080000000,0x00000000806df6e8,0x0000000083500000)
 Metaspace       used 24167K, capacity 24482K, committed 24704K, reserved 1071104K
  class space    used 3233K, capacity 3333K, committed 3456K, reserved 1048576K
}
Event: 27.257 GC heap before
{Heap before GC invocations=6 (full 1):
 PSYoungGen      total 60928K, used 58912K [0x00000000d5580000, 0x00000000d9680000, 0x0000000100000000)
  eden space 55808K, 100% used [0x00000000d5580000,0x00000000d8c00000,0x00000000d8c00000)
  from space 5120K, 60% used [0x00000000d9100000,0x00000000d9408020,0x00000000d9600000)
  to   space 5120K, 0% used [0x00000000d8c00000,0x00000000d8c00000,0x00000000d9100000)
 ParOldGen       total 54272K, used 7037K [0x0000000080000000, 0x0000000083500000, 0x00000000d5580000)
  object space 54272K, 12% used [0x0000000080000000,0x00000000806df6e8,0x0000000083500000)
 Metaspace       used 27466K, capacity 27842K, committed 28160K, reserved 1073152K
  class space    used 3619K, capacity 3723K, committed 3840K, reserved 1048576K
Event: 27.273 GC heap after
Heap after GC invocations=6 (full 1):
 PSYoungGen      total 60928K, used 5093K [0x00000000d5580000, 0x00000000dbf00000, 0x0000000100000000)
  eden space 55808K, 0% used [0x00000000d5580000,0x00000000d5580000,0x00000000d8c00000)
  from space 5120K, 99% used [0x00000000d8c00000,0x00000000d90f9608,0x00000000d9100000)
  to   space 8704K, 0% used [0x00000000db680000,0x00000000db680000,0x00000000dbf00000)
 ParOldGen       total 54272K, used 8324K [0x0000000080000000, 0x0000000083500000, 0x00000000d5580000)
  object space 54272K, 15% used [0x0000000080000000,0x00000000808211b8,0x0000000083500000)
 Metaspace       used 27466K, capacity 27842K, committed 28160K, reserved 1073152K
  class space    used 3619K, capacity 3723K, committed 3840K, reserved 1048576K
}

