# JRE version: Java(TM) SE Runtime Environment (8.0_40-b25) (build 1.8.0_40-b25)
# Java VM: Java HotSpot(TM) 64-Bit Server VM (25.40-b25 mixed mode windows-amd64 compressed oops)
Heap:
 PSYoungGen      total 38400K, used 22964K [0x00000000d5580000, 0x00000000d8000000, 0x0000000100000000)
  eden space 33280K, 69% used [0x00000000d5580000,0x00000000d6bed030,0x00000000d7600000)
  from space 5120K, 0% used [0x00000000d7b00000,0x00000000d7b00000,0x00000000d8000000)
  to   space 5120K, 0% used [0x00000000d7600000,0x00000000d7600000,0x00000000d7b00000)
 ParOldGen       total 43008K, used 7011K [0x0000000080000000, 0x0000000082a00000, 0x00000000d5580000)
  object space 43008K, 16% used [0x0000000080000000,0x00000000806d8cd0,0x0000000082a00000)
 Metaspace       used 26300K, capacity 26698K, committed 27008K, reserved 1073152K
  class space    used 3536K, capacity 3649K, committed 3712K, reserved 1048576K
GC Heap History (6 events):
Event: 14.044 GC heap before
{Heap before GC invocations=1 (full 0):
 PSYoungGen      total 38400K, used 33280K [0x00000000d5580000, 0x00000000d8000000, 0x0000000100000000)
  eden space 33280K, 100% used [0x00000000d5580000,0x00000000d7600000,0x00000000d7600000)
  from space 5120K, 0% used [0x00000000d7b00000,0x00000000d7b00000,0x00000000d8000000)
  to   space 5120K, 0% used [0x00000000d7600000,0x00000000d7600000,0x00000000d7b00000)
 ParOldGen       total 87552K, used 0K [0x0000000080000000, 0x0000000085580000, 0x00000000d5580000)
  object space 87552K, 0% used [0x0000000080000000,0x0000000080000000,0x0000000085580000)
 Metaspace       used 18014K, capacity 18234K, committed 18560K, reserved 1064960K
  class space    used 2254K, capacity 2317K, committed 2432K, reserved 1048576K
Event: 14.052 GC heap after
Heap after GC invocations=1 (full 0):
 PSYoungGen      total 38400K, used 4912K [0x00000000d5580000, 0x00000000d8000000, 0x0000000100000000)
  eden space 33280K, 0% used [0x00000000d5580000,0x00000000d5580000,0x00000000d7600000)
  from space 5120K, 95% used [0x00000000d7600000,0x00000000d7acc020,0x00000000d7b00000)
  to   space 5120K, 0% used [0x00000000d7b00000,0x00000000d7b00000,0x00000000d8000000)
 ParOldGen       total 87552K, used 96K [0x0000000080000000, 0x0000000085580000, 0x00000000d5580000)
  object space 87552K, 0% used [0x0000000080000000,0x0000000080018010,0x0000000085580000)
 Metaspace       used 18014K, capacity 18234K, committed 18560K, reserved 1064960K
  class space    used 2254K, capacity 2317K, committed 2432K, reserved 1048576K
}
Event: 15.152 GC heap before
{Heap before GC invocations=2 (full 0):
 PSYoungGen      total 38400K, used 27544K [0x00000000d5580000, 0x00000000d8000000, 0x0000000100000000)
  eden space 33280K, 68% used [0x00000000d5580000,0x00000000d6b9a098,0x00000000d7600000)
  from space 5120K, 95% used [0x00000000d7600000,0x00000000d7acc020,0x00000000d7b00000)
  to   space 5120K, 0% used [0x00000000d7b00000,0x00000000d7b00000,0x00000000d8000000)
 ParOldGen       total 87552K, used 96K [0x0000000080000000, 0x0000000085580000, 0x00000000d5580000)
  object space 87552K, 0% used [0x0000000080000000,0x0000000080018010,0x0000000085580000)
 Metaspace       used 20940K, capacity 21184K, committed 21296K, reserved 1067008K
  class space    used 2807K, capacity 2888K, committed 2944K, reserved 1048576K
Event: 15.161 GC heap after
Heap after GC invocations=2 (full 0):
 PSYoungGen      total 38400K, used 5104K [0x00000000d5580000, 0x00000000d8000000, 0x0000000100000000)
  eden space 33280K, 0% used [0x00000000d5580000,0x00000000d5580000,0x00000000d7600000)
  from space 5120K, 99% used [0x00000000d7b00000,0x00000000d7ffc040,0x00000000d8000000)
  to   space 5120K, 0% used [0x00000000d7600000,0x00000000d7600000,0x00000000d7b00000)
 ParOldGen       total 87552K, used 1963K [0x0000000080000000, 0x0000000085580000, 0x00000000d5580000)
  object space 87552K, 2% used [0x0000000080000000,0x00000000801eaca0,0x0000000085580000)
 Metaspace       used 20940K, capacity 21184K, committed 21296K, reserved 1067008K
  class space    used 2807K, capacity 2888K, committed 2944K, reserved 1048576K
}
Event: 15.161 GC heap before
{Heap before GC invocations=3 (full 1):
 PSYoungGen      total 38400K, used 5104K [0x00000000d5580000, 0x00000000d8000000, 0x0000000100000000)
  eden space 33280K, 0% used [0x00000000d5580000,0x00000000d5580000,0x00000000d7600000)
  from space 5120K, 99% used [0x00000000d7b00000,0x00000000d7ffc040,0x00000000d8000000)
  to   space 5120K, 0% used [0x00000000d7600000,0x00000000d7600000,0x00000000d7b00000)
 ParOldGen       total 87552K, used 1963K [0x0000000080000000, 0x0000000085580000, 0x00000000d5580000)
  object space 87552K, 2% used [0x0000000080000000,0x00000000801eaca0,0x0000000085580000)
 Metaspace       used 20940K, capacity 21184K, committed 21296K, reserved 1067008K
  class space    used 2807K, capacity 2888K, committed 2944K, reserved 1048576K
Event: 15.213 GC heap after
Heap after GC invocations=3 (full 1):
 PSYoungGen      total 38400K, used 0K [0x00000000d5580000, 0x00000000d8000000, 0x0000000100000000)
  eden space 33280K, 0% used [0x00000000d5580000,0x00000000d5580000,0x00000000d7600000)
  from space 5120K, 0% used [0x00000000d7b00000,0x00000000d7b00000,0x00000000d8000000)
  to   space 5120K, 0% used [0x00000000d7600000,0x00000000d7600000,0x00000000d7b00000)
 ParOldGen       total 43008K, used 7011K [0x0000000080000000, 0x0000000082a00000, 0x00000000d5580000)
  object space 43008K, 16% used [0x0000000080000000,0x00000000806d8cd0,0x0000000082a00000)
 Metaspace       used 20940K, capacity 21184K, committed 21296K, reserved 1067008K
  class space    used 2807K, capacity 2888K, committed 2944K, reserved 1048576K
}

